{"/Users/ahmadalfasakan/Documents/svelte/milyaFashionStore/src/lib/constants/env.constant.ts": {"path":"/Users/ahmadalfasakan/Documents/svelte/milyaFashionStore/src/lib/constants/env.constant.ts","all":false,"statementMap":{"0":{"start":{"line":1,"column":0},"end":{"line":1,"column":54}},"1":{"start":{"line":2,"column":0},"end":{"line":2,"column":0}},"2":{"start":{"line":3,"column":0},"end":{"line":3,"column":50}},"3":{"start":{"line":4,"column":0},"end":{"line":4,"column":0}},"4":{"start":{"line":5,"column":0},"end":{"line":5,"column":20}},"5":{"start":{"line":6,"column":0},"end":{"line":6,"column":45}},"6":{"start":{"line":7,"column":0},"end":{"line":7,"column":53}},"7":{"start":{"line":8,"column":0},"end":{"line":8,"column":51}},"8":{"start":{"line":9,"column":0},"end":{"line":9,"column":59}},"9":{"start":{"line":10,"column":0},"end":{"line":10,"column":68}},"10":{"start":{"line":11,"column":0},"end":{"line":11,"column":43}},"11":{"start":{"line":12,"column":0},"end":{"line":12,"column":36}},"12":{"start":{"line":13,"column":0},"end":{"line":13,"column":69}},"13":{"start":{"line":14,"column":0},"end":{"line":14,"column":11}}},"s":{"0":1,"1":1,"2":1,"3":1,"4":1,"5":1,"6":1,"7":1,"8":1,"9":1,"10":1,"11":1,"12":1,"13":0},"branchMap":{"0":{"type":"branch","line":14,"loc":{"start":{"line":14,"column":0},"end":{"line":14,"column":11}},"locations":[{"start":{"line":14,"column":0},"end":{"line":14,"column":11}}]},"1":{"type":"branch","line":14,"loc":{"start":{"line":14,"column":0},"end":{"line":14,"column":11}},"locations":[{"start":{"line":14,"column":0},"end":{"line":14,"column":11}}]}},"b":{"0":[0],"1":[0]},"fnMap":{},"f":{}}
,"/Users/ahmadalfasakan/Documents/svelte/milyaFashionStore/src/lib/utils/hash.util.ts": {"path":"/Users/ahmadalfasakan/Documents/svelte/milyaFashionStore/src/lib/utils/hash.util.ts","all":false,"statementMap":{"0":{"start":{"line":1,"column":0},"end":{"line":1,"column":50}},"1":{"start":{"line":2,"column":0},"end":{"line":2,"column":32}},"2":{"start":{"line":3,"column":0},"end":{"line":3,"column":0}},"3":{"start":{"line":4,"column":0},"end":{"line":4,"column":44}},"4":{"start":{"line":5,"column":0},"end":{"line":5,"column":0}},"5":{"start":{"line":6,"column":0},"end":{"line":6,"column":45}},"6":{"start":{"line":7,"column":0},"end":{"line":7,"column":37}},"7":{"start":{"line":8,"column":0},"end":{"line":8,"column":1}},"8":{"start":{"line":9,"column":0},"end":{"line":9,"column":0}},"9":{"start":{"line":10,"column":0},"end":{"line":10,"column":57}},"10":{"start":{"line":11,"column":0},"end":{"line":11,"column":45}},"11":{"start":{"line":12,"column":0},"end":{"line":12,"column":1}}},"s":{"0":1,"1":1,"2":1,"3":1,"4":1,"5":1,"6":1,"7":1,"8":1,"9":1,"10":1,"11":1},"branchMap":{"0":{"type":"branch","line":7,"loc":{"start":{"line":7,"column":9},"end":{"line":8,"column":1}},"locations":[{"start":{"line":7,"column":9},"end":{"line":8,"column":1}}]},"1":{"type":"branch","line":10,"loc":{"start":{"line":10,"column":7},"end":{"line":11,"column":9}},"locations":[{"start":{"line":10,"column":7},"end":{"line":11,"column":9}}]},"2":{"type":"branch","line":11,"loc":{"start":{"line":11,"column":2},"end":{"line":12,"column":1}},"locations":[{"start":{"line":11,"column":2},"end":{"line":12,"column":1}}]}},"b":{"0":[1],"1":[1],"2":[1]},"fnMap":{"0":{"name":"generateHash","decl":{"start":{"line":7,"column":9},"end":{"line":8,"column":1}},"loc":{"start":{"line":7,"column":9},"end":{"line":8,"column":1}},"line":7},"1":{"name":"get","decl":{"start":{"line":10,"column":7},"end":{"line":11,"column":9}},"loc":{"start":{"line":10,"column":7},"end":{"line":11,"column":9}},"line":10},"2":{"name":"verifyHash","decl":{"start":{"line":11,"column":2},"end":{"line":12,"column":1}},"loc":{"start":{"line":11,"column":2},"end":{"line":12,"column":1}},"line":11}},"f":{"0":1,"1":1,"2":1}}
,"/Users/ahmadalfasakan/Documents/svelte/milyaFashionStore/src/lib/utils/number.util.ts": {"path":"/Users/ahmadalfasakan/Documents/svelte/milyaFashionStore/src/lib/utils/number.util.ts","all":false,"statementMap":{"0":{"start":{"line":1,"column":0},"end":{"line":1,"column":52}},"1":{"start":{"line":2,"column":0},"end":{"line":2,"column":41}},"2":{"start":{"line":3,"column":0},"end":{"line":3,"column":20}},"3":{"start":{"line":4,"column":0},"end":{"line":4,"column":22}},"4":{"start":{"line":5,"column":0},"end":{"line":5,"column":18}},"5":{"start":{"line":6,"column":0},"end":{"line":6,"column":1}},"6":{"start":{"line":7,"column":0},"end":{"line":7,"column":0}},"7":{"start":{"line":8,"column":0},"end":{"line":8,"column":46}},"8":{"start":{"line":9,"column":0},"end":{"line":9,"column":20}},"9":{"start":{"line":10,"column":0},"end":{"line":10,"column":37}},"10":{"start":{"line":11,"column":0},"end":{"line":11,"column":55}},"11":{"start":{"line":12,"column":0},"end":{"line":12,"column":5}},"12":{"start":{"line":13,"column":0},"end":{"line":13,"column":4}},"13":{"start":{"line":14,"column":0},"end":{"line":14,"column":1}}},"s":{"0":1,"1":1,"2":1,"3":1,"4":1,"5":1,"6":1,"7":1,"8":1,"9":2,"10":2,"11":2,"12":2,"13":1},"branchMap":{"0":{"type":"branch","line":2,"loc":{"start":{"line":2,"column":2},"end":{"line":6,"column":1}},"locations":[{"start":{"line":2,"column":2},"end":{"line":6,"column":1}}]},"1":{"type":"branch","line":8,"loc":{"start":{"line":8,"column":7},"end":{"line":9,"column":9}},"locations":[{"start":{"line":8,"column":7},"end":{"line":9,"column":9}}]},"2":{"type":"branch","line":9,"loc":{"start":{"line":9,"column":9},"end":{"line":14,"column":1}},"locations":[{"start":{"line":9,"column":9},"end":{"line":14,"column":1}}]},"3":{"type":"branch","line":11,"loc":{"start":{"line":11,"column":23},"end":{"line":14,"column":1}},"locations":[{"start":{"line":11,"column":23},"end":{"line":14,"column":1}}]},"4":{"type":"branch","line":14,"loc":{"start":{"line":14,"column":0},"end":{"line":14,"column":1}},"locations":[{"start":{"line":14,"column":0},"end":{"line":14,"column":1}}]},"5":{"type":"branch","line":14,"loc":{"start":{"line":14,"column":0},"end":{"line":14,"column":1}},"locations":[{"start":{"line":14,"column":0},"end":{"line":14,"column":1}}]}},"b":{"0":[1],"1":[1],"2":[2],"3":[2],"4":[1],"5":[1]},"fnMap":{"0":{"name":"formatNumberToRupiah","decl":{"start":{"line":2,"column":2},"end":{"line":6,"column":1}},"loc":{"start":{"line":2,"column":2},"end":{"line":6,"column":1}},"line":2},"1":{"name":"get","decl":{"start":{"line":8,"column":7},"end":{"line":9,"column":9}},"loc":{"start":{"line":8,"column":7},"end":{"line":9,"column":9}},"line":8},"2":{"name":"bigIntHandling","decl":{"start":{"line":9,"column":9},"end":{"line":14,"column":1}},"loc":{"start":{"line":9,"column":9},"end":{"line":14,"column":1}},"line":9}},"f":{"0":1,"1":1,"2":2}}
,"/Users/ahmadalfasakan/Documents/svelte/milyaFashionStore/src/lib/utils/string.util.ts": {"path":"/Users/ahmadalfasakan/Documents/svelte/milyaFashionStore/src/lib/utils/string.util.ts","all":false,"statementMap":{"0":{"start":{"line":1,"column":0},"end":{"line":1,"column":33}},"1":{"start":{"line":2,"column":0},"end":{"line":2,"column":0}},"2":{"start":{"line":3,"column":0},"end":{"line":3,"column":53}},"3":{"start":{"line":4,"column":0},"end":{"line":4,"column":24}},"4":{"start":{"line":5,"column":0},"end":{"line":5,"column":0}},"5":{"start":{"line":6,"column":0},"end":{"line":6,"column":18}},"6":{"start":{"line":7,"column":0},"end":{"line":7,"column":1}},"7":{"start":{"line":8,"column":0},"end":{"line":8,"column":0}},"8":{"start":{"line":9,"column":0},"end":{"line":9,"column":51}},"9":{"start":{"line":10,"column":0},"end":{"line":10,"column":41}},"10":{"start":{"line":11,"column":0},"end":{"line":11,"column":1}},"11":{"start":{"line":12,"column":0},"end":{"line":12,"column":0}},"12":{"start":{"line":13,"column":0},"end":{"line":13,"column":47}},"13":{"start":{"line":14,"column":0},"end":{"line":14,"column":34}},"14":{"start":{"line":15,"column":0},"end":{"line":15,"column":0}},"15":{"start":{"line":16,"column":0},"end":{"line":16,"column":29}},"16":{"start":{"line":17,"column":0},"end":{"line":17,"column":1}},"17":{"start":{"line":18,"column":0},"end":{"line":18,"column":0}},"18":{"start":{"line":19,"column":0},"end":{"line":19,"column":38}},"19":{"start":{"line":20,"column":0},"end":{"line":20,"column":25}},"20":{"start":{"line":21,"column":0},"end":{"line":21,"column":76}},"21":{"start":{"line":22,"column":0},"end":{"line":22,"column":41}},"22":{"start":{"line":23,"column":0},"end":{"line":23,"column":0}},"23":{"start":{"line":24,"column":0},"end":{"line":24,"column":41}},"24":{"start":{"line":25,"column":0},"end":{"line":25,"column":1}}},"s":{"0":1,"1":1,"2":1,"3":1,"4":2,"5":2,"6":1,"7":1,"8":1,"9":1,"10":1,"11":1,"12":1,"13":1,"14":1,"15":1,"16":1,"17":1,"18":1,"19":1,"20":1,"21":1,"22":1,"23":1,"24":1},"branchMap":{"0":{"type":"branch","line":4,"loc":{"start":{"line":4,"column":2},"end":{"line":7,"column":1}},"locations":[{"start":{"line":4,"column":2},"end":{"line":7,"column":1}}]},"1":{"type":"branch","line":7,"loc":{"start":{"line":7,"column":0},"end":{"line":7,"column":1}},"locations":[{"start":{"line":7,"column":0},"end":{"line":7,"column":1}}]},"2":{"type":"branch","line":9,"loc":{"start":{"line":9,"column":7},"end":{"line":9,"column":51}},"locations":[{"start":{"line":9,"column":7},"end":{"line":9,"column":51}}]},"3":{"type":"branch","line":10,"loc":{"start":{"line":10,"column":2},"end":{"line":11,"column":1}},"locations":[{"start":{"line":10,"column":2},"end":{"line":11,"column":1}}]},"4":{"type":"branch","line":13,"loc":{"start":{"line":13,"column":7},"end":{"line":14,"column":8}},"locations":[{"start":{"line":13,"column":7},"end":{"line":14,"column":8}}]},"5":{"type":"branch","line":14,"loc":{"start":{"line":14,"column":2},"end":{"line":17,"column":1}},"locations":[{"start":{"line":14,"column":2},"end":{"line":17,"column":1}}]},"6":{"type":"branch","line":19,"loc":{"start":{"line":19,"column":7},"end":{"line":20,"column":8}},"locations":[{"start":{"line":19,"column":7},"end":{"line":20,"column":8}}]},"7":{"type":"branch","line":20,"loc":{"start":{"line":20,"column":8},"end":{"line":25,"column":1}},"locations":[{"start":{"line":20,"column":8},"end":{"line":25,"column":1}}]}},"b":{"0":[2],"1":[1],"2":[2],"3":[1],"4":[1],"5":[1],"6":[1],"7":[1]},"fnMap":{"0":{"name":"formErrorHandling","decl":{"start":{"line":4,"column":2},"end":{"line":7,"column":1}},"loc":{"start":{"line":4,"column":2},"end":{"line":7,"column":1}},"line":4},"1":{"name":"get","decl":{"start":{"line":9,"column":7},"end":{"line":9,"column":51}},"loc":{"start":{"line":9,"column":7},"end":{"line":9,"column":51}},"line":9},"2":{"name":"extractExtFromBase64","decl":{"start":{"line":10,"column":2},"end":{"line":11,"column":1}},"loc":{"start":{"line":10,"column":2},"end":{"line":11,"column":1}},"line":10},"3":{"name":"get","decl":{"start":{"line":13,"column":7},"end":{"line":14,"column":8}},"loc":{"start":{"line":13,"column":7},"end":{"line":14,"column":8}},"line":13},"4":{"name":"extractExtFromFile","decl":{"start":{"line":14,"column":2},"end":{"line":17,"column":1}},"loc":{"start":{"line":14,"column":2},"end":{"line":17,"column":1}},"line":14},"5":{"name":"get","decl":{"start":{"line":19,"column":7},"end":{"line":20,"column":8}},"loc":{"start":{"line":19,"column":7},"end":{"line":20,"column":8}},"line":19},"6":{"name":"generateRandomName","decl":{"start":{"line":20,"column":8},"end":{"line":25,"column":1}},"loc":{"start":{"line":20,"column":8},"end":{"line":25,"column":1}},"line":20}},"f":{"0":2,"1":2,"2":1,"3":1,"4":1,"5":1,"6":1}}
,"/Users/ahmadalfasakan/Documents/svelte/milyaFashionStore/src/lib/utils/validate-data.util.ts": {"path":"/Users/ahmadalfasakan/Documents/svelte/milyaFashionStore/src/lib/utils/validate-data.util.ts","all":false,"statementMap":{"0":{"start":{"line":1,"column":0},"end":{"line":1,"column":47}},"1":{"start":{"line":2,"column":0},"end":{"line":2,"column":0}},"2":{"start":{"line":3,"column":0},"end":{"line":3,"column":39}},"3":{"start":{"line":4,"column":0},"end":{"line":4,"column":17}},"4":{"start":{"line":5,"column":0},"end":{"line":5,"column":29}},"5":{"start":{"line":6,"column":0},"end":{"line":6,"column":3}},"6":{"start":{"line":7,"column":0},"end":{"line":7,"column":7}},"7":{"start":{"line":8,"column":0},"end":{"line":8,"column":35}},"8":{"start":{"line":9,"column":0},"end":{"line":9,"column":0}},"9":{"start":{"line":10,"column":0},"end":{"line":10,"column":39}},"10":{"start":{"line":11,"column":0},"end":{"line":11,"column":19}},"11":{"start":{"line":12,"column":0},"end":{"line":12,"column":58}},"12":{"start":{"line":13,"column":0},"end":{"line":13,"column":0}},"13":{"start":{"line":14,"column":0},"end":{"line":14,"column":46}},"14":{"start":{"line":15,"column":0},"end":{"line":15,"column":0}},"15":{"start":{"line":16,"column":0},"end":{"line":16,"column":59}},"16":{"start":{"line":17,"column":0},"end":{"line":17,"column":42}},"17":{"start":{"line":18,"column":0},"end":{"line":18,"column":7}},"18":{"start":{"line":19,"column":0},"end":{"line":19,"column":0}},"19":{"start":{"line":20,"column":0},"end":{"line":20,"column":28}},"20":{"start":{"line":21,"column":0},"end":{"line":21,"column":3}},"21":{"start":{"line":22,"column":0},"end":{"line":22,"column":1}}},"s":{"0":1,"1":1,"2":1,"3":1,"4":1,"5":1,"6":1,"7":2,"8":2,"9":2,"10":2,"11":2,"12":1,"13":1,"14":1,"15":1,"16":1,"17":1,"18":1,"19":1,"20":1,"21":1},"branchMap":{"0":{"type":"branch","line":7,"loc":{"start":{"line":7,"column":2},"end":{"line":22,"column":1}},"locations":[{"start":{"line":7,"column":2},"end":{"line":22,"column":1}}]},"1":{"type":"branch","line":12,"loc":{"start":{"line":12,"column":24},"end":{"line":22,"column":1}},"locations":[{"start":{"line":12,"column":24},"end":{"line":22,"column":1}}]},"2":{"type":"branch","line":17,"loc":{"start":{"line":17,"column":20},"end":{"line":22,"column":1}},"locations":[{"start":{"line":17,"column":20},"end":{"line":22,"column":1}}]},"3":{"type":"branch","line":20,"loc":{"start":{"line":20,"column":26},"end":{"line":20,"column":28}},"locations":[{"start":{"line":20,"column":26},"end":{"line":20,"column":28}}]}},"b":{"0":[2],"1":[1],"2":[1],"3":[0]},"fnMap":{"0":{"name":"validateData","decl":{"start":{"line":7,"column":2},"end":{"line":22,"column":1}},"loc":{"start":{"line":7,"column":2},"end":{"line":22,"column":1}},"line":7}},"f":{"0":2}}
}
